Flutter crash report; please file at https://github.com/flutter/flutter/issues.

## command

flutter --no-color run --machine --track-widget-creation --device-id=4A7679CC-B1B0-4CBF-B5FD-8BC90B8DB919 lib/main.dart

## exception

FormatException: FormatException: No ':' on line (at offset 12)

```
#0      parse (package:package_config/packages_file.dart:64:7)
#1      _parse (package:flutter_tools/src/dart/package_map.dart:17:10)
#2      PackageMap.load (package:flutter_tools/src/dart/package_map.dart:49:14)
#3      PackageMap.map (package:flutter_tools/src/dart/package_map.dart:53:5)
#4      new PackageUriMapper (package:flutter_tools/src/compile.dart:199:116)
#5      DefaultResidentCompiler._recompile (package:flutter_tools/src/compile.dart:647:26)
#6      _RecompileRequest._run (package:flutter_tools/src/compile.dart:408:16)
#7      _CompilationRequest.run (package:flutter_tools/src/compile.dart:388:30)
#8      DefaultResidentCompiler._handleCompilationRequest (package:flutter_tools/src/compile.dart:693:23)
#9      _rootRunUnary (dart:async/zone.dart:1192:38)
#10     _CustomZone.runUnary (dart:async/zone.dart:1085:19)
#11     _CustomZone.runUnaryGuarded (dart:async/zone.dart:987:7)
#12     _BufferingStreamSubscription._sendData (dart:async/stream_impl.dart:339:11)
#13     _DelayedData.perform (dart:async/stream_impl.dart:594:14)
#14     _StreamImplEvents.handleNext (dart:async/stream_impl.dart:710:11)
#15     _PendingEvents.schedule.<anonymous closure> (dart:async/stream_impl.dart:670:7)
#16     _rootRun (dart:async/zone.dart:1180:38)
#17     _CustomZone.run (dart:async/zone.dart:1077:19)
#18     _CustomZone.runGuarded (dart:async/zone.dart:979:7)
#19     _CustomZone.bindCallbackGuarded.<anonymous closure> (dart:async/zone.dart:1019:23)
#20     _rootRun (dart:async/zone.dart:1184:13)
#21     _CustomZone.run (dart:async/zone.dart:1077:19)
#22     _CustomZone.runGuarded (dart:async/zone.dart:979:7)
#23     _CustomZone.bindCallbackGuarded.<anonymous closure> (dart:async/zone.dart:1019:23)
#24     _microtaskLoop (dart:async/schedule_microtask.dart:43:21)
#25     _startMicrotaskLoop (dart:async/schedule_microtask.dart:52:5)
#26     _runPendingImmediateCallback (dart:isolate-patch/isolate_patch.dart:118:13)
#27     _RawReceivePortImpl._handleMessage (dart:isolate-patch/isolate_patch.dart:169:5)
```

## flutter doctor

```
[✓] Flutter (Channel beta, v1.17.0, on Mac OS X 10.15.4 19E287, locale en-VN)
    • Flutter version 1.17.0 at /Users/admin/fluttersdk/flutter
    • Framework revision d3ed9ec945 (9 weeks ago), 2020-04-06 14:07:34 -0700
    • Engine revision c9506cb8e9
    • Dart version 2.8.0 (build 2.8.0-dev.18.0 eea9717938)

[!] Android toolchain - develop for Android devices (Android SDK version 29.0.2)
    • Android SDK at /Users/admin/Library/Android/sdk
    • Platform android-R, build-tools 29.0.2
    • Java binary at: /Applications/Android Studio.app/Contents/jre/jdk/Contents/Home/bin/java
    • Java version OpenJDK Runtime Environment (build 1.8.0_242-release-1644-b3-6222593)
    ! Some Android licenses not accepted.  To resolve this, run: flutter doctor --android-licenses

[✓] Xcode - develop for iOS and macOS (Xcode 11.3.1)
    • Xcode at /Applications/Xcode.app/Contents/Developer
    • Xcode 11.3.1, Build version 11C504
    • CocoaPods version 1.9.1

[!] Android Studio (version 4.0)
    • Android Studio at /Applications/Android Studio.app/Contents
    ✗ Flutter plugin not installed; this adds Flutter specific functionality.
    ✗ Dart plugin not installed; this adds Dart specific functionality.
    • Java version OpenJDK Runtime Environment (build 1.8.0_242-release-1644-b3-6222593)

[!] IntelliJ IDEA Community Edition (version 2020.1.1)
    • IntelliJ at /Applications/IntelliJ IDEA CE.app
    ✗ Flutter plugin not installed; this adds Flutter specific functionality.
    ✗ Dart plugin not installed; this adds Dart specific functionality.
    • For information about installing plugins, see
      https://flutter.dev/intellij-setup/#installing-the-plugins

[✓] Connected device (1 available)
    • iPhone 11 • 4A7679CC-B1B0-4CBF-B5FD-8BC90B8DB919 • ios • com.apple.CoreSimulator.SimRuntime.iOS-13-3 (simulator)

! Doctor found issues in 3 categories.
```
